[13:56:45] [INIT] KubeJS 2001.6.5-build.16; MC 2001 forge
[13:56:45] [INIT] Loaded plugins:
[13:56:45] [INIT] - dev.latvian.mods.kubejs.forge.BuiltinKubeJSForgePlugin
[13:56:45] [INIT] - dev.latvian.mods.kubejs.forge.BuiltinKubeJSForgeClientPlugin
[13:56:45] [INIT] - fr.iglee42.createcasing.compat.kubejs.KubeJSCompatPlugin
[13:56:45] [INIT] - com.bobvaraioa.kubejspowah.KubeJSPowahPlugin
[13:56:45] [INIT] - com.lowdragmc.lowdraglib.kjs.LDLibKubeJSPlugin
[13:56:45] [INIT] - dev.ftb.mods.ftbxmodcompat.ftbquests.kubejs.KubeJSIntegration
[13:56:45] [INIT] - dev.ftb.mods.ftbxmodcompat.ftbchunks.kubejs.FTBChunksKubeJSPlugin
[13:56:45] [INIT] - dev.ftb.mods.ftbxmodcompat.ftbteams.kubejs.FTBTeamsKubeJSPlugin
[13:56:45] [INIT] - com.falaut.KubeJSNaturesAuraPlugin
[13:56:45] [INIT] - dev.latvian.mods.kubejs.thermal.KubeJSThermalPlugin
[13:56:45] [INIT] - com.bobvarioa.kubejsarsnouveau.KubeJSArsNouveauPlugin
[13:56:45] [INIT] - com.oierbravo.createsifter.compat.kubejs.KubeJSCreatesifterPlugin
[13:56:45] [INIT] - dev.latvian.mods.kubejs.create.KubeJSCreatePlugin
[13:56:45] [INIT] - com.almostreliable.morejs.Plugin
[13:56:45] [INIT] - com.oierbravo.createmechanicalextruder.compat.kubejs.KubeJSCreateMechanicalExtruderPlugin
[13:56:45] [INIT] - com.almostreliable.lootjs.kube.LootJSPlugin
[13:56:45] [INIT] - com.probejs.ProbeJSPlugin
[13:56:45] [INIT] - com.bobvarioa.kubejsbotanypots.KubeJSBotanyPotsPlugin
[13:56:45] [INIT] - com.blakebr0.cucumber.compat.kubejs.CucumberKubeJSPlugin
[13:56:45] [INIT] - com.almostreliable.summoningrituals.compat.kubejs.AlmostKube
[13:56:45] [INIT] - com.gregtechceu.gtceu.integration.kjs.GregTechKubeJSPlugin
[13:56:45] [INIT] - net.cathienova.kubejsbloodmagic.KubeJSBloodMagicPlugin
[13:56:45] [INIT] - com.prunoideae.KubeJSBotaniaPlugin
[13:56:45] [INIT] - dev.sorin.kubejsextendedcrafting.KubejsExtendedCraftingPlugin
[13:56:45] [ERROR] ! hiding_from_JEI.js#1: ReferenceError: "RecipeViewerEvents" is not defined.
[13:56:45] [INFO] Loaded script client_scripts:renaming.js in 0.001 s
[13:56:45] [INFO] Loaded 1/2 KubeJS client scripts in 0.117 s with 0 errors and 0 warnings
[13:57:15] [ERROR] ! Invalid language key: en_US
[13:57:24] [INFO] Client resource reload complete!
[13:57:51] [ERROR] ! Invalid language key: en_US
