[08:30:32] [Render thread/INFO] [JMLogger] JourneyMap log initialized.
[08:30:32] [Render thread/INFO] [JourneymapClient] initialize ENTER
[08:30:32] [Render thread/INFO] [ClientAPI] [ClientAPI] built with JourneyMap API 1.9-SNAPSHOT
[08:30:32] [Render thread/INFO] [PluginHelper] Initializing plugins with Client API: journeymap.client.api.impl.ClientAPI
[08:30:32] [Render thread/INFO] [PluginHelper] Initialized IClientPlugin: com.minecolonies.core.compatibility.journeymap.JourneymapPlugin
[08:30:32] [Render thread/INFO] [PluginHelper] Initialized IClientPlugin: net.blay09.mods.waystones.compat.JourneyMapIntegration
[08:30:32] [Render thread/INFO] [PluginHelper] Initialized IClientPlugin: com.anthonyhilyard.merchantmarkers.compat.JourneymapHandler
[08:30:32] [Render thread/INFO] [PluginHelper] Initialized IClientPlugin: com.railwayteam.railways.compat.journeymap.RailwayMapPlugin
[08:30:32] [Render thread/INFO] [PluginHelper] Initialized IClientPlugin: com.gregtechceu.gtceu.integration.map.journeymap.JourneyMapPlugin
[08:30:33] [Render thread/WARN] [PropertiesBase] core (Initialized) Bad configField entry during updateFrom(): optionsManagerViewed=null
[08:30:33] [Render thread/INFO] [?] Version: JourneyMap 1.20.1-5.10.3, built with forge 1.20.1-47.2.30
forge: 47.3.11
Environment: os.name, os.arch, java.version, user.country, user.language=null, game language=en_us, locale=en_us
Features: 
	RadarPlayers : singleplayer = true , multiplayer = true
	RadarAnimals : singleplayer = true , multiplayer = true
	RadarMobs : singleplayer = true , multiplayer = true
	RadarVillagers : singleplayer = true , multiplayer = true
	MapTopo : singleplayer = true , multiplayer = true
	MapSurface : singleplayer = true , multiplayer = true
	MapCaves : singleplayer = true , multiplayer = true
	MapBiome : singleplayer = true , multiplayer = true
MiniMapProperties{state=Valid, file=journeymap.minimap.config, configVersion=5.10.3, zoomLevel=0, compassFontScale=1.0, terrainAlpha=100, showEntityNames=true, positionX=0.9, positionY=0.25, effectVertical=false, showPlayerHeading=true, sizePercent=30, playerDisplayScale=1.0, showDayNight=true, showPets=true, preferredMapType=night, showCompass=true, mobDisplay=jm.common.entity_display.dots, systemTimeRealFormat=HH:mm:ss, shape=jm.minimap.shape_circle, showSelf=true, selfDisplayScale=1.0, showGrid=true, reticleOrientation=jm.minimap.orientation.compass, gameTimeRealFormat=HH:mm:ss, effectTranslateX=-166, showWaypoints=true, minimapKeyMovementSpeed=0.001, showAnimals=true, infoSlotAlpha=0.7, effectTranslateY=0, showWaypointLabels=true, moveEffectIcons=true, position=jm.minimap.position_topright, fontScale=1.0, showPlayers=true, waypointIconScale=1.0, frameAlpha=100, effectReversed=false, backgroundAlpha=0.8, enabled=true, showVillagers=true, info2Label=jm.theme.labelsource.gametime, info3Label=jm.theme.labelsource.location, showMobs=true, waypointLabelScale=1.0, showReticle=true, orientation=jm.minimap.orientation.north, info4Label=jm.theme.labelsource.biome, locationFormat=xzyv, playerDisplay=jm.common.entity_display.dots, mobDisplayScale=1.0, showCaves=true, showMobHeading=true, locationFormatVerbose=true, info1Label=jm.theme.labelsource.blank}
MiniMapProperties{state=Valid, file=journeymap.minimap2.config, configVersion=5.10.3, zoomLevel=0, compassFontScale=1.0, terrainAlpha=100, showEntityNames=true, positionX=0.9, positionY=0.25, effectVertical=false, showPlayerHeading=true, sizePercent=30, playerDisplayScale=1.0, showDayNight=true, showPets=true, preferredMapType=day, showCompass=true, mobDisplay=jm.common.entity_display.dots, systemTimeRealFormat=HH:mm:ss, shape=jm.minimap.shape_rectangle, showSelf=true, selfDisplayScale=1.0, showGrid=true, reticleOrientation=jm.minimap.orientation.compass, gameTimeRealFormat=HH:mm:ss, effectTranslateX=0, showWaypoints=true, minimapKeyMovementSpeed=0.001, showAnimals=true, infoSlotAlpha=0.7, effectTranslateY=0, showWaypointLabels=true, moveEffectIcons=true, position=jm.minimap.position_topright, fontScale=1.0, showPlayers=true, waypointIconScale=1.0, frameAlpha=100, effectReversed=false, backgroundAlpha=0.8, enabled=true, showVillagers=true, info2Label=jm.theme.labelsource.gametime, info3Label=jm.theme.labelsource.location, showMobs=true, waypointLabelScale=1.0, showReticle=true, orientation=jm.minimap.orientation.north, info4Label=jm.theme.labelsource.biome, locationFormat=xzyv, playerDisplay=jm.common.entity_display.dots, mobDisplayScale=1.0, showCaves=true, showMobHeading=true, locationFormatVerbose=true, info1Label=jm.theme.labelsource.blank}
FullMapProperties{state=Valid, file=journeymap.fullmap.config, configVersion=5.10.3, zoomLevel=0, showPlayers=true, waypointIconScale=1.0, showEntityNames=true, showPlayerHeading=true, showVillagers=true, showPlayerLoc=true, showKeys=true, playerDisplayScale=1.0, showMobs=true, showPets=true, waypointLabelScale=1.0, preferredMapType=day, mobDisplay=jm.common.entity_display.dots, showSelf=true, locationFormat=xzyv, playerDisplay=jm.common.entity_display.dots, mobDisplayScale=1.0, selfDisplayScale=1.0, showGrid=true, showMouseLoc=true, showWaypoints=true, showCaves=true, showAnimals=true, showMobHeading=true, showWaypointLabels=true, locationFormatVerbose=true, fontScale=1.0}
WaypointProperties{state=Valid, file=journeymap.waypoint.config, configVersion=5.10.3, autoRemoveDeathpointDistance=2, dateFormat=MM-dd-yyyy, autoRemoveDeathpoints=false, fullscreenDoubleClickToCreate=true, managerDimensionFocus=false, minDistance=4, boldLabel=false, textureSmall=true, showDeathpointlabel=true, beaconEnabled=true, createDeathpoints=true, showName=true, disableStrikeThrough=false, maxDistance=0, autoHideLabel=true, autoRemoveTempWaypoints=2, teleportCommand=/tp {name} {x} {y} {z}, showStaticBeam=true, shaderBeacon=false, timeFormat=HH:mm:ss, showDeviationLabel=false, showDistance=true, showRotatingBeam=true, fontScale=2.0, showTexture=true, managerEnabled=true}
WebMapProperties{state=Valid, file=journeymap.webmap.config, configVersion=5.10.3, port=8080, enabled=false}
CoreProperties{state=Valid, file=journeymap.core.config, configVersion=5.10.3, verboseColorPalette=false, maxPlayersData=32, mapSurfaceAboveCaves=true, dataCachingEnabled=true, optionsManagerViewed=null, announceMod=true, colorPassive=#bbbbbb, mapBlendWater=false, renderDistanceSurfaceMax=0, seedId=false, radarVerticalDistance=16, mapBlendGrass=true, recordCacheStats=false, hideSneakingEntities=true, revealShape=jm.minimap.shape_circle, mapBiome=true, alwaysMapSurface=false, colorVillager=#88e188, mapPlants=false, colorPet=#0077ff, radarLateralDistance=64, mapBathymetry=false, mapCrops=true, maxMobsData=32, mapPlantShadows=false, alwaysMapCaves=false, checkUpdates=true, mapBlendFoliage=true, hideSpectators=false, mappingEnabled=true, colorPlayer=#ffffff, tileHighDisplayQuality=true, cacheVillagersData=2200, logLevel=INFO, maxVillagersData=32, mapWaterBiomeColors=false, maxAnimalsData=32, mapTransparency=true, caveBlackAsClear=false, tileRenderType=1, caveIgnoreGlass=true, mapTopography=true, renderDistanceCaveMax=0, mapAntialiasing=true, colorSelf=#0000ff, cachePlayersData=2000, cacheMobsData=3000, cachePlayerData=1000, splashViewed=5.10.3, colorHostile=#ff0000, cacheAnimalsData=3100, themeName=OceanMonument, mapCaveLighting=true, renderDelay=2, glErrorChecking=false, autoMapPoll=2000}
[08:30:34] [Render thread/INFO] [JourneymapClient] initialize EXIT, elapsed count 1 avg 1766.98ms
[08:31:28] [Render thread/INFO] [JourneymapClient] Journeymap PostInit
[08:31:29] [Render thread/INFO] [ThemeLoader] Preloaded theme textures: 73
[08:31:29] [Render thread/INFO] [JourneymapClient] postInitialize EXIT, elapsed count 1 avg 677.4ms
[08:33:48] [Server thread/INFO] [ForgeConfig] Loading JourneyMap Forge Configs
[08:38:55] [Render thread/INFO] [ChatLog] JourneyMap: Press [J]
[08:38:55] [Render thread/WARN] [PropertiesBase] core (Initialized) Bad configField entry during updateFrom(): optionsManagerViewed=null
[08:38:56] [Render thread/INFO] [ModBlockDelegate] Custom modded block handling enabled for create
[08:38:57] [Render thread/INFO] [WaypointStore] Loaded 5 waypoints from C:\Users\Kyle\curseforge\minecraft\Instances\1.20.1 - Infinite Horizons - Modded Superflat Survival\journeymap\data\sp\New World (1)\waypoints
[08:38:57] [Render thread/INFO] [JourneymapClient] Mapping started in C:\Users\Kyle\curseforge\minecraft\Instances\1.20.1 - Infinite Horizons - Modded Superflat Survival\journeymap\data\sp\New World (1)\overworld. Memory: 9816MB total, 3961MB free 
[08:38:57] [Render thread/INFO] [WaypointGroupStore] Loaded WaypointGroups file C:\Users\Kyle\curseforge\minecraft\Instances\1.20.1 - Infinite Horizons - Modded Superflat Survival\journeymap\data\sp\New World (1)\waypoints\waypoint_groups.json
[08:39:16] [Render thread/WARN] [JMLogger] Can't get entityTexture for ars_nouveau:textures/entity_icon/drygmy_brown.png
[08:39:16] [Render thread/WARN] [JMLogger] Can't get entityTexture for ars_nouveau:textures/entity_icon/whirlisprig_summer.png
[08:39:16] [Render thread/WARN] [JMLogger] Can't get entityTexture for ars_nouveau:textures/entity_icon/starbuncle_blue.png
[08:39:16] [Render thread/WARN] [JMLogger] Can't get entityTexture for ars_nouveau:textures/entity_icon/starbuncle_orange.png
[08:39:16] [Render thread/WARN] [JMLogger] Can't get entityTexture for ars_nouveau:textures/entity_icon/starbuncle_black.png
[08:39:16] [Render thread/WARN] [JMLogger] Can't get entityTexture for workers:textures/entity_icon/villager/cattle_farmer.png
[08:39:16] [Render thread/WARN] [JMLogger] Can't get entityTexture for ars_nouveau:textures/entity_icon/starbuncle_red.png
[08:39:16] [Render thread/WARN] [JMLogger] Can't get entityTexture for ars_nouveau:textures/entity_icon/starbuncle_purple.png
[08:39:16] [Render thread/WARN] [JMLogger] Can't get entityTexture for ars_nouveau:textures/entity_icon/starbuncle_pink.png
[08:39:16] [Render thread/WARN] [JMLogger] Can't get entityTexture for farmingforblockheads:textures/entity_icon/merchant.png
[08:39:16] [Render thread/WARN] [JMLogger] Can't get entityTexture for ars_nouveau:textures/entity_icon/starbuncle_light_blue.png
[08:39:18] [Render thread/INFO] [JourneymapClient] Mapping halted in C:\Users\Kyle\curseforge\minecraft\Instances\1.20.1 - Infinite Horizons - Modded Superflat Survival\journeymap\data\mp\offline\minecraft:overworld
[08:39:18] [JM-task-4/WARN] [TaskBatch] TaskBatch thread interrupted: journeymap.client.task.multi.MapPlayerTask$MapPlayerTaskBatch@3c01be34
[08:39:23] [Server thread/INFO] [ForgeConfig] Loading JourneyMap Forge Configs
